This file contains any messages produced by compilers while
running configure, to aid debugging if configure makes a mistake.

It was created by fooprog configure 1.0, which was
generated by GNU Autoconf 2.67.  Invocation command line was

  $ ./configure --host arm-none-linux-gnueabi

## --------- ##
## Platform. ##
## --------- ##

hostname = debian
uname -m = i686
uname -r = 2.6.32-5-686
uname -s = Linux
uname -v = #1 SMP Tue Mar 8 21:36:00 UTC 2011

/usr/bin/uname -p = unknown
/bin/uname -X     = unknown

/bin/arch              = unknown
/usr/bin/arch -k       = unknown
/usr/convex/getsysinfo = unknown
/usr/bin/hostinfo      = unknown
/bin/machine           = unknown
/usr/bin/oslevel       = unknown
/bin/universe          = unknown

PATH: /opt/arm-2009q1/bin/
PATH: /usr/local/bin
PATH: /usr/bin
PATH: /bin
PATH: /usr/games


## ----------- ##
## Core tests. ##
## ----------- ##

configure:1807: checking for a BSD-compatible install
configure:1875: result: /usr/bin/install -c
configure:1886: checking whether build environment is sane
configure:1936: result: yes
configure:1985: checking for arm-none-linux-gnueabi-strip
configure:2001: found /opt/arm-2009q1/bin//arm-none-linux-gnueabi-strip
configure:2012: result: arm-none-linux-gnueabi-strip
configure:2077: checking for a thread-safe mkdir -p
configure:2116: result: /bin/mkdir -p
configure:2129: checking for gawk
configure:2159: result: no
configure:2129: checking for mawk
configure:2145: found /usr/bin/mawk
configure:2156: result: mawk
configure:2167: checking whether make sets $(MAKE)
configure:2189: result: yes
configure:2277: checking for arm-none-linux-gnueabi-gcc
configure:2293: found /opt/arm-2009q1/bin//arm-none-linux-gnueabi-gcc
configure:2304: result: arm-none-linux-gnueabi-gcc
configure:2573: checking for C compiler version
configure:2582: arm-none-linux-gnueabi-gcc --version >&5
arm-none-linux-gnueabi-gcc (Sourcery G++ Lite 2009q1-203) 4.3.3
Copyright (C) 2008 Free Software Foundation, Inc.
This is free software; see the source for copying conditions.  There is NO
warranty; not even for MERCHANTABILITY or FITNESS FOR A PARTICULAR PURPOSE.

configure:2593: $? = 0
configure:2582: arm-none-linux-gnueabi-gcc -v >&5
Using built-in specs.
Target: arm-none-linux-gnueabi
Configured with: /scratch/mitchell/builds/4.3-arm-none-linux-gnueabi-respin/src/gcc-4.3/configure --build=i686-pc-linux-gnu --host=i686-pc-linux-gnu --target=arm-none-linux-gnueabi --enable-threads --disable-libmudflap --disable-libssp --disable-libstdcxx-pch --with-gnu-as --with-gnu-ld --with-specs='%{funwind-tables|fno-unwind-tables|mabi=*|ffreestanding|nostdlib:;:-funwind-tables}' --enable-languages=c,c++ --enable-shared --enable-symvers=gnu --enable-__cxa_atexit --with-pkgversion='Sourcery G++ Lite 2009q1-203' --with-bugurl=https://support.codesourcery.com/GNUToolchain/ --disable-nls --prefix=/opt/codesourcery --with-sysroot=/opt/codesourcery/arm-none-linux-gnueabi/libc --with-build-sysroot=/scratch/mitchell/builds/4.3-arm-none-linux-gnueabi-respin/lite/install/arm-none-linux-gnueabi/libc --with-gmp=/scratch/mitchell/builds/4.3-arm-none-linux-gnueabi-respin/lite/obj/host-libs-2009q1-203-arm-none-linux-gnueabi-i686-pc-linux-gnu/usr --with-mpfr=/scratch/mitchell/builds/4.3-arm-none-linux-gnueabi-respin/lite/obj/host-libs-2009q1-203-arm-none-linux-gnueabi-i686-pc-linux-gnu/usr --disable-libgomp --enable-poison-system-directories --with-build-time-tools=/scratch/mitchell/builds/4.3-arm-none-linux-gnueabi-respin/lite/install/arm-none-linux-gnueabi/bin --with-build-time-tools=/scratch/mitchell/builds/4.3-arm-none-linux-gnueabi-respin/lite/install/arm-none-linux-gnueabi/bin
Thread model: posix
gcc version 4.3.3 (Sourcery G++ Lite 2009q1-203) 
configure:2593: $? = 0
configure:2582: arm-none-linux-gnueabi-gcc -V >&5
arm-none-linux-gnueabi-gcc: '-V' option must have argument
configure:2593: $? = 1
configure:2582: arm-none-linux-gnueabi-gcc -qversion >&5
arm-none-linux-gnueabi-gcc: unrecognized option '-qversion'
arm-none-linux-gnueabi-gcc: no input files
configure:2593: $? = 1
configure:2613: checking whether the C compiler works
configure:2635: arm-none-linux-gnueabi-gcc    conftest.c  >&5
configure:2639: $? = 0
configure:2687: result: yes
configure:2690: checking for C compiler default output file name
configure:2692: result: a.out
configure:2698: checking for suffix of executables
configure:2705: arm-none-linux-gnueabi-gcc -o conftest    conftest.c  >&5
configure:2709: $? = 0
configure:2731: result: 
configure:2753: checking whether we are cross compiling
configure:2761: arm-none-linux-gnueabi-gcc -o conftest    conftest.c  >&5
configure:2765: $? = 0
configure:2772: ./conftest
./configure: line 2774: ./conftest: cannot execute binary file
configure:2776: $? = 126
configure:2791: result: yes
configure:2796: checking for suffix of object files
configure:2818: arm-none-linux-gnueabi-gcc -c   conftest.c >&5
configure:2822: $? = 0
configure:2843: result: o
configure:2847: checking whether we are using the GNU C compiler
configure:2866: arm-none-linux-gnueabi-gcc -c   conftest.c >&5
configure:2866: $? = 0
configure:2875: result: yes
configure:2884: checking whether arm-none-linux-gnueabi-gcc accepts -g
configure:2904: arm-none-linux-gnueabi-gcc -c -g  conftest.c >&5
configure:2904: $? = 0
configure:2945: result: yes
configure:2962: checking for arm-none-linux-gnueabi-gcc option to accept ISO C89
configure:3026: arm-none-linux-gnueabi-gcc  -c -g -O2  conftest.c >&5
configure:3026: $? = 0
configure:3039: result: none needed
configure:3070: checking for style of include used by make
configure:3098: result: GNU
configure:3123: checking dependency style of arm-none-linux-gnueabi-gcc
configure:3233: result: gcc3
configure:3372: creating ./config.status

## ---------------------- ##
## Running config.status. ##
## ---------------------- ##

This file was extended by fooprog config.status 1.0, which was
generated by GNU Autoconf 2.67.  Invocation command line was

  CONFIG_FILES    = 
  CONFIG_HEADERS  = 
  CONFIG_LINKS    = 
  CONFIG_COMMANDS = 
  $ ./config.status 

on debian

config.status:851: creating Makefile
config.status:851: creating config.h
config.status:1031: config.h is unchanged
config.status:1079: executing depfiles commands
configure:4702: checking build system type
configure:4716: result: i686-pc-linux-gnu
configure:4736: checking host system type
configure:4749: result: arm-none-linux-gnueabi

## ---------------- ##
## Cache variables. ##
## ---------------- ##

ac_cv_build=i686-pc-linux-gnu
ac_cv_c_compiler_gnu=yes
ac_cv_env_CC_set=
ac_cv_env_CC_value=
ac_cv_env_CFLAGS_set=
ac_cv_env_CFLAGS_value=
ac_cv_env_CPPFLAGS_set=
ac_cv_env_CPPFLAGS_value=
ac_cv_env_LDFLAGS_set=
ac_cv_env_LDFLAGS_value=
ac_cv_env_LIBS_set=
ac_cv_env_LIBS_value=
ac_cv_env_build_alias_set=
ac_cv_env_build_alias_value=
ac_cv_env_host_alias_set=set
ac_cv_env_host_alias_value=arm-none-linux-gnueabi
ac_cv_env_target_alias_set=
ac_cv_env_target_alias_value=
ac_cv_host=arm-none-linux-gnueabi
ac_cv_objext=o
ac_cv_path_install='/usr/bin/install -c'
ac_cv_path_mkdir=/bin/mkdir
ac_cv_prog_AWK=mawk
ac_cv_prog_CC=arm-none-linux-gnueabi-gcc
ac_cv_prog_STRIP=arm-none-linux-gnueabi-strip
ac_cv_prog_cc_c89=
ac_cv_prog_cc_g=yes
ac_cv_prog_make_make_set=yes
am_cv_CC_dependencies_compiler_type=gcc3

## ----------------- ##
## Output variables. ##
## ----------------- ##

ACLOCAL='${SHELL} /home/adrian/TareasCursoC/missing --run aclocal-1.11'
AMDEPBACKSLASH='\'
AMDEP_FALSE='#'
AMDEP_TRUE=''
AMTAR='${SHELL} /home/adrian/TareasCursoC/missing --run tar'
AUTOCONF='${SHELL} /home/adrian/TareasCursoC/missing --run autoconf'
AUTOHEADER='${SHELL} /home/adrian/TareasCursoC/missing --run autoheader'
AUTOMAKE='${SHELL} /home/adrian/TareasCursoC/missing --run automake-1.11'
AWK='mawk'
CC='arm-none-linux-gnueabi-gcc'
CCDEPMODE='depmode=gcc3'
CFLAGS='-g -O2'
CPPFLAGS=''
CYGPATH_W='echo'
DEFS='-DHAVE_CONFIG_H'
DEPDIR='.deps'
ECHO_C=''
ECHO_N='-n'
ECHO_T=''
EXEEXT=''
INSTALL_DATA='${INSTALL} -m 644'
INSTALL_PROGRAM='${INSTALL}'
INSTALL_SCRIPT='${INSTALL}'
INSTALL_STRIP_PROGRAM='$(install_sh) -c -s'
LDFLAGS=''
LIBOBJS=''
LIBS=''
LTLIBOBJS=''
MAKEINFO='${SHELL} /home/adrian/TareasCursoC/missing --run makeinfo'
MKDIR_P='/bin/mkdir -p'
OBJEXT='o'
PACKAGE='fooprog'
PACKAGE_BUGREPORT='email@company.com'
PACKAGE_NAME='fooprog'
PACKAGE_STRING='fooprog 1.0'
PACKAGE_TARNAME='fooprog'
PACKAGE_URL=''
PACKAGE_VERSION='1.0'
PATH_SEPARATOR=':'
SET_MAKE=''
SHELL='/bin/bash'
STRIP='arm-none-linux-gnueabi-strip'
VERSION='1.0'
ac_ct_CC=''
am__EXEEXT_FALSE=''
am__EXEEXT_TRUE='#'
am__fastdepCC_FALSE='#'
am__fastdepCC_TRUE=''
am__include='include'
am__isrc=''
am__leading_dot='.'
am__quote=''
am__tar='${AMTAR} chof - "$$tardir"'
am__untar='${AMTAR} xf -'
bindir='${exec_prefix}/bin'
build='i686-pc-linux-gnu'
build_alias=''
build_cpu='i686'
build_os='linux-gnu'
build_vendor='pc'
datadir='${datarootdir}'
datarootdir='${prefix}/share'
docdir='${datarootdir}/doc/${PACKAGE_TARNAME}'
dvidir='${docdir}'
exec_prefix='${prefix}'
host='arm-none-linux-gnueabi'
host_alias='arm-none-linux-gnueabi'
host_cpu='arm'
host_os='linux-gnueabi'
host_vendor='none'
htmldir='${docdir}'
includedir='${prefix}/include'
infodir='${datarootdir}/info'
install_sh='${SHELL} /home/adrian/TareasCursoC/install-sh'
libdir='${exec_prefix}/lib'
libexecdir='${exec_prefix}/libexec'
localedir='${datarootdir}/locale'
localstatedir='${prefix}/var'
mandir='${datarootdir}/man'
mkdir_p='/bin/mkdir -p'
oldincludedir='/usr/include'
pdfdir='${docdir}'
prefix='/usr/local'
program_transform_name='s,x,x,'
psdir='${docdir}'
sbindir='${exec_prefix}/sbin'
sharedstatedir='${prefix}/com'
sysconfdir='${prefix}/etc'
target_alias=''

## ----------- ##
## confdefs.h. ##
## ----------- ##

/* confdefs.h */
#define PACKAGE_NAME "fooprog"
#define PACKAGE_TARNAME "fooprog"
#define PACKAGE_VERSION "1.0"
#define PACKAGE_STRING "fooprog 1.0"
#define PACKAGE_BUGREPORT "email@company.com"
#define PACKAGE_URL ""
#define PACKAGE "fooprog"
#define VERSION "1.0"

configure: exit 0

## ---------------------- ##
## Running config.status. ##
## ---------------------- ##

This file was extended by fooprog config.status 1.0, which was
generated by GNU Autoconf 2.67.  Invocation command line was

  CONFIG_FILES    = 
  CONFIG_HEADERS  = 
  CONFIG_LINKS    = 
  CONFIG_COMMANDS = 
  $ ./config.status config.h

on debian

config.status:851: creating config.h
config.status:1031: config.h is unchanged
